18-05-18 11:20 root  INFO     using acct jn8029
18-05-18 11:20 root  INFO     input acct
18-05-18 11:20 root  INFO     input pw
18-05-18 11:20 root  INFO     in front page now...
18-05-18 11:20 root  INFO     login success
18-05-18 11:20 root  INFO     logging out...
18-05-18 11:20 root  INFO     logout success
18-05-18 11:20 root  INFO     using acct msibd
18-05-18 11:20 root  INFO     input acct
18-05-18 11:20 root  INFO     input pw
18-05-18 11:20 root  INFO     in front page now...
18-05-18 11:20 root  INFO     login success
18-05-18 11:20 root  INFO     logging out...
18-05-18 11:20 root  INFO     logout success
18-05-18 11:20 root  INFO     done
18-05-18 11:23 root  INFO     using acct jn8029
18-05-18 11:23 root  INFO     input acct
18-05-18 11:23 root  INFO     input pw
18-05-18 11:24 root  INFO     in front page now...
18-05-18 11:24 root  INFO     login success
18-05-18 11:24 root  INFO     logging out...
18-05-18 11:24 root  INFO     logout success
18-05-18 11:24 root  INFO     using acct msibd
18-05-18 11:24 root  INFO     input acct
18-05-18 11:24 root  INFO     input pw
18-05-18 11:24 root  INFO     in front page now...
18-05-18 11:24 root  INFO     login success
18-05-18 11:24 root  INFO     logging out...
18-05-18 11:24 root  INFO     logout success
18-05-18 11:24 root  INFO     done
18-05-18 11:25 root  INFO     using acct jn8029
18-05-18 11:25 root  INFO     input acct
18-05-18 11:25 root  INFO     input pw
18-05-18 11:25 root  INFO     in front page now...
18-05-18 11:25 root  INFO     login success
18-05-18 11:25 root  INFO     logging out...
18-05-18 11:25 root  INFO     logout success
18-05-18 11:25 root  INFO     using acct msibd
18-05-18 11:25 root  INFO     input acct
18-05-18 11:25 root  INFO     input pw
18-05-18 11:25 root  INFO     in front page now...
18-05-18 11:25 root  INFO     login success
18-05-18 11:25 root  INFO     logging out...
18-05-18 11:25 root  INFO     logout success
18-05-18 11:25 root  INFO     done
